BuildingYourFirstApp/app/build/outputs/logs/manifest-merger-debug-report.txt
-- Merging decision tree log ---
manifest
ADDED from src\main\AndroidManifest.xml:2:1-29:12
	package
		ADDED from src\main\AndroidManifest.xml:3:5-56
		INJECTED from src\main\AndroidManifest.xml
		INJECTED from src\main\AndroidManifest.xml
	android:versionName
		INJECTED from src\main\AndroidManifest.xml
		INJECTED from src\main\AndroidManifest.xml
	xmlns:android
		ADDED from src\main\AndroidManifest.xml:2:11-69
	android:versionCode
		INJECTED from src\main\AndroidManifest.xml
		INJECTED from src\main\AndroidManifest.xml
uses-permission#android.permission.GET_ACCOUNTS
ADDED from src\main\AndroidManifest.xml:6:5-71
	android:name
		ADDED from src\main\AndroidManifest.xml:6:22-68
uses-permission#android.permission.READ_PROFILE
ADDED from src\main\AndroidManifest.xml:7:5-71
	android:name
		ADDED from src\main\AndroidManifest.xml:7:22-68
uses-permission#android.permission.READ_CONTACTS
ADDED from src\main\AndroidManifest.xml:8:5-72
	android:name
		ADDED from src\main\AndroidManifest.xml:8:22-69
application
ADDED from src\main\AndroidManifest.xml:10:5-27:19
MERGED from [com.android.support:design:25.1.1] AndroidManifest.xml:25:5-20
MERGED from [com.android.support:appcompat-v7:25.1.1] AndroidManifest.xml:25:5-20
MERGED from [com.android.support:animated-vector-drawable:25.1.1] AndroidManifest.xml:22:5-20
MERGED from [com.android.support:support-vector-drawable:25.1.1] AndroidManifest.xml:23:5-20
MERGED from [com.android.support:transition:25.1.1] AndroidManifest.xml:22:5-20
MERGED from [com.android.support:support-v4:25.1.1] AndroidManifest.xml:25:5-20
MERGED from [com.android.support:support-fragment:25.1.1] AndroidManifest.xml:25:5-20
MERGED from [com.android.support:support-media-compat:25.1.1] AndroidManifest.xml:25:5-20
MERGED from [com.android.support:support-core-ui:25.1.1] AndroidManifest.xml:25:5-20
MERGED from [com.android.support:support-core-utils:25.1.1] AndroidManifest.xml:25:5-20
MERGED from [com.android.support:support-compat:25.1.1] AndroidManifest.xml:25:5-20
	android:label
		ADDED from src\main\AndroidManifest.xml:13:9-41
	android:supportsRtl
		ADDED from src\main\AndroidManifest.xml:14:9-35
	android:allowBackup
		ADDED from src\main\AndroidManifest.xml:11:9-35
	android:icon
		ADDED from src\main\AndroidManifest.xml:12:9-43
	android:theme
		ADDED from src\main\AndroidManifest.xml:15:9-40
activity#com.bilgeoutlook.gul.buildingyourfirstapp.MainActivity
ADDED from src\main\AndroidManifest.xml:16:9-22:20
	android:name
		ADDED from src\main\AndroidManifest.xml:16:19-47
intent-filter#android.intent.action.MAIN+android.intent.category.LAUNCHER
ADDED from src\main\AndroidManifest.xml:17:13-21:29
action#android.intent.action.MAIN
ADDED from src\main\AndroidManifest.xml:18:17-69
	android:name
		ADDED from src\main\AndroidManifest.xml:18:25-66
category#android.intent.category.LAUNCHER
ADDED from src\main\AndroidManifest.xml:20:17-77
	android:name
		ADDED from src\main\AndroidManifest.xml:20:27-74
activity#com.bilgeoutlook.gul.buildingyourfirstapp.DisplayMessageActivity
ADDED from src\main\AndroidManifest.xml:23:9-60
	android:name
		ADDED from src\main\AndroidManifest.xml:23:19-57
activity#com.bilgeoutlook.gul.buildingyourfirstapp.LoginActivity
ADDED from src\main\AndroidManifest.xml:24:9-26:69
	android:label
		ADDED from src\main\AndroidManifest.xml:26:13-57
	android:name
		ADDED from src\main\AndroidManifest.xml:25:13-42
uses-sdk
INJECTED from src\main\AndroidManifest.xml reason: use-sdk injection requested
MERGED from [com.android.support:design:25.1.1] AndroidManifest.xml:21:5-23:62
MERGED from [com.android.support:appcompat-v7:25.1.1] AndroidManifest.xml:21:5-23:78
MERGED from [com.android.support:animated-vector-drawable:25.1.1] AndroidManifest.xml:20:5-44
MERGED from [com.android.support:support-vector-drawable:25.1.1] AndroidManifest.xml:21:5-43
MERGED from [com.android.support:recyclerview-v7:25.1.1] AndroidManifest.xml:20:5-43
MERGED from [com.android.support:transition:25.1.1] AndroidManifest.xml:20:5-44
MERGED from [com.android.support:support-v4:25.1.1] AndroidManifest.xml:21:5-23:54
MERGED from [com.android.support:support-fragment:25.1.1] AndroidManifest.xml:21:5-23:60
MERGED from [com.android.support:support-media-compat:25.1.1] AndroidManifest.xml:21:5-23:63
MERGED from [com.android.support:support-core-ui:25.1.1] AndroidManifest.xml:21:5-23:58
MERGED from [com.android.support:support-core-utils:25.1.1] AndroidManifest.xml:21:5-23:61
MERGED from [com.android.support:support-compat:25.1.1] AndroidManifest.xml:21:5-23:58
	tools:overrideLibrary
		ADDED from [com.android.support:design:25.1.1] AndroidManifest.xml:23:9-59
	android:targetSdkVersion
		INJECTED from src\main\AndroidManifest.xml
		INJECTED from src\main\AndroidManifest.xml
	android:minSdkVersion
		INJECTED from src\main\AndroidManifest.xml
		INJECTED from src\main\AndroidManifest.xml